<?xml version="1.0" encoding="UTF-8"?>
<!-- Generated by org.testng.reporters.JUnitXMLReporter -->
<testsuite hostname="GWSRM13" ignored="0" name="Warrirors Core Product Functionality Testing" tests="2" failures="0" timestamp="2024-12-10T22:14:47 IST" time="109.346" errors="0">
  <testcase name="findVideosCountAndVideosAgingMoreThan3Days" time="13.089" classname="VeevaSystems.NBA.Warriors.TestCase2CP"/>
  <testcase name="fillJacketsDataForCoreProduct" time="63.972" classname="VeevaSystems.NBA.Warriors.TestCase1CP"/>
</testsuite> <!-- Warrirors Core Product Functionality Testing -->
