<?xml version="1.0" encoding="UTF-8"?>
<testng-results skipped="0" failed="0" total="2" passed="2">
  <reporter-output>
  </reporter-output>
  <suite name="Suite" duration-ms="89648" started-at="2024-12-15T18:59:39Z" finished-at="2024-12-15T19:01:09Z">
    <groups>
    </groups>
    <test name="Warriors Core Product Functionality Testing - Test 1" duration-ms="75490" started-at="2024-12-15T18:59:39Z" finished-at="2024-12-15T19:00:54Z">
      <class name="VeevaSystems.NBA.Warriors.TestCase1CP">
        <test-method status="PASS" signature="initialize()[pri:0, instance:VeevaSystems.NBA.Warriors.TestCase1CP@71c3b41]" name="initialize" is-config="true" duration-ms="5342" started-at="2024-12-16T00:29:39Z" finished-at="2024-12-16T00:29:44Z">
          <reporter-output>
          </reporter-output>
        </test-method> <!-- initialize -->
        <test-method status="PASS" signature="fillJacketsDataForCoreProduct()[pri:0, instance:VeevaSystems.NBA.Warriors.TestCase1CP@71c3b41]" name="fillJacketsDataForCoreProduct" duration-ms="69273" started-at="2024-12-16T00:29:44Z" finished-at="2024-12-16T00:30:54Z">
          <reporter-output>
          </reporter-output>
        </test-method> <!-- fillJacketsDataForCoreProduct -->
        <test-method status="PASS" signature="teardown()[pri:0, instance:VeevaSystems.NBA.Warriors.TestCase1CP@71c3b41]" name="teardown" is-config="true" duration-ms="867" started-at="2024-12-16T00:30:54Z" finished-at="2024-12-16T00:30:54Z">
          <reporter-output>
          </reporter-output>
        </test-method> <!-- teardown -->
      </class> <!-- VeevaSystems.NBA.Warriors.TestCase1CP -->
    </test> <!-- Warriors Core Product Functionality Testing - Test 1 -->
    <test name="Warriors Core Product Functionality Testing - Test 2" duration-ms="13894" started-at="2024-12-15T19:00:55Z" finished-at="2024-12-15T19:01:09Z">
      <class name="VeevaSystems.NBA.Warriors.TestCase2CP">
        <test-method status="PASS" signature="initialize()[pri:0, instance:VeevaSystems.NBA.Warriors.TestCase2CP@2beee7ff]" name="initialize" is-config="true" duration-ms="4320" started-at="2024-12-16T00:30:55Z" finished-at="2024-12-16T00:30:59Z">
          <reporter-output>
          </reporter-output>
        </test-method> <!-- initialize -->
        <test-method status="PASS" signature="findVideosCountAndVideosAgingMoreThan3Days()[pri:0, instance:VeevaSystems.NBA.Warriors.TestCase2CP@2beee7ff]" name="findVideosCountAndVideosAgingMoreThan3Days" duration-ms="8813" started-at="2024-12-16T00:30:59Z" finished-at="2024-12-16T00:31:08Z">
          <reporter-output>
          </reporter-output>
        </test-method> <!-- findVideosCountAndVideosAgingMoreThan3Days -->
        <test-method status="PASS" signature="teardown()[pri:0, instance:VeevaSystems.NBA.Warriors.TestCase2CP@2beee7ff]" name="teardown" is-config="true" duration-ms="759" started-at="2024-12-16T00:31:08Z" finished-at="2024-12-16T00:31:09Z">
          <reporter-output>
          </reporter-output>
        </test-method> <!-- teardown -->
      </class> <!-- VeevaSystems.NBA.Warriors.TestCase2CP -->
    </test> <!-- Warriors Core Product Functionality Testing - Test 2 -->
  </suite> <!-- Suite -->
</testng-results>
