<?xml version="1.0" encoding="UTF-8"?>
<testng-results skipped="0" failed="0" ignored="0" total="2" passed="2">
  <reporter-output>
  </reporter-output>
  <suite name="Suite" duration-ms="98615" started-at="2024-12-11T14:55:48 IST" finished-at="2024-12-11T14:57:27 IST">
    <groups>
    </groups>
    <test name="Warriors Core Product Functionality Testing - Test 2" duration-ms="32802" started-at="2024-12-11T14:55:48 IST" finished-at="2024-12-11T14:56:21 IST">
      <class name="VeevaSystems.NBA.Warriors.TestCase2CP">
        <test-method status="PASS" signature="initialize()[pri:0, instance:VeevaSystems.NBA.Warriors.TestCase2CP@8c1c9b]" name="initialize" is-config="true" duration-ms="22220" started-at="2024-12-11T14:55:48 IST" finished-at="2024-12-11T14:56:11 IST">
          <reporter-output>
          </reporter-output>
        </test-method> <!-- initialize -->
        <test-method status="PASS" signature="findVideosCountAndVideosAgingMoreThan3Days()[pri:0, instance:VeevaSystems.NBA.Warriors.TestCase2CP@8c1c9b]" name="findVideosCountAndVideosAgingMoreThan3Days" duration-ms="9833" started-at="2024-12-11T14:56:11 IST" finished-at="2024-12-11T14:56:21 IST">
          <reporter-output>
          </reporter-output>
        </test-method> <!-- findVideosCountAndVideosAgingMoreThan3Days -->
        <test-method status="PASS" signature="teardown()[pri:0, instance:VeevaSystems.NBA.Warriors.TestCase2CP@8c1c9b]" name="teardown" is-config="true" duration-ms="741" started-at="2024-12-11T14:56:21 IST" finished-at="2024-12-11T14:56:21 IST">
          <reporter-output>
          </reporter-output>
        </test-method> <!-- teardown -->
      </class> <!-- VeevaSystems.NBA.Warriors.TestCase2CP -->
    </test> <!-- Warriors Core Product Functionality Testing - Test 2 -->
    <test name="Warriors Core Product Functionality Testing - Test 1" duration-ms="98615" started-at="2024-12-11T14:55:48 IST" finished-at="2024-12-11T14:57:27 IST">
      <class name="VeevaSystems.NBA.Warriors.TestCase1CP">
        <test-method status="PASS" signature="initialize()[pri:0, instance:VeevaSystems.NBA.Warriors.TestCase1CP@883b15]" name="initialize" is-config="true" duration-ms="8418" started-at="2024-12-11T14:55:48 IST" finished-at="2024-12-11T14:55:57 IST">
          <reporter-output>
          </reporter-output>
        </test-method> <!-- initialize -->
        <test-method status="PASS" signature="fillJacketsDataForCoreProduct()[pri:0, instance:VeevaSystems.NBA.Warriors.TestCase1CP@883b15]" name="fillJacketsDataForCoreProduct" duration-ms="89344" started-at="2024-12-11T14:55:57 IST" finished-at="2024-12-11T14:57:26 IST">
          <reporter-output>
          </reporter-output>
        </test-method> <!-- fillJacketsDataForCoreProduct -->
        <test-method status="PASS" signature="teardown()[pri:0, instance:VeevaSystems.NBA.Warriors.TestCase1CP@883b15]" name="teardown" is-config="true" duration-ms="833" started-at="2024-12-11T14:57:26 IST" finished-at="2024-12-11T14:57:27 IST">
          <reporter-output>
          </reporter-output>
        </test-method> <!-- teardown -->
      </class> <!-- VeevaSystems.NBA.Warriors.TestCase1CP -->
    </test> <!-- Warriors Core Product Functionality Testing - Test 1 -->
  </suite> <!-- Suite -->
</testng-results>
