<?xml version="1.0" encoding="UTF-8"?>
<testng-results ignored="0" total="2" passed="2" failed="0" skipped="0">
  <reporter-output>
  </reporter-output>
  <suite started-at="2024-12-11T18:35:33 IST" name="Suite" finished-at="2024-12-11T18:37:19 IST" duration-ms="105511">
    <groups>
    </groups>
    <test started-at="2024-12-11T18:35:33 IST" name="Warriors Core Product Functionality Testing - Test 1" finished-at="2024-12-11T18:36:48 IST" duration-ms="74639">
      <class name="VeevaSystems.NBA.Warriors.TestCase1CP">
        <test-method is-config="true" signature="initialize()[pri:0, instance:VeevaSystems.NBA.Warriors.TestCase1CP@1e63ec0b]" started-at="2024-12-11T18:35:33 IST" name="initialize" finished-at="2024-12-11T18:35:41 IST" duration-ms="7951" status="PASS">
          <reporter-output>
          </reporter-output>
        </test-method> <!-- initialize -->
        <test-method signature="fillJacketsDataForCoreProduct()[pri:0, instance:VeevaSystems.NBA.Warriors.TestCase1CP@1e63ec0b]" started-at="2024-12-11T18:35:41 IST" name="fillJacketsDataForCoreProduct" finished-at="2024-12-11T18:36:47 IST" duration-ms="65822" status="PASS">
          <reporter-output>
          </reporter-output>
        </test-method> <!-- fillJacketsDataForCoreProduct -->
        <test-method is-config="true" signature="teardown()[pri:0, instance:VeevaSystems.NBA.Warriors.TestCase1CP@1e63ec0b]" started-at="2024-12-11T18:36:47 IST" name="teardown" finished-at="2024-12-11T18:36:48 IST" duration-ms="841" status="PASS">
          <reporter-output>
          </reporter-output>
        </test-method> <!-- teardown -->
      </class> <!-- VeevaSystems.NBA.Warriors.TestCase1CP -->
    </test> <!-- Warriors Core Product Functionality Testing - Test 1 -->
    <test started-at="2024-12-11T18:36:48 IST" name="Warriors Core Product Functionality Testing - Test 2" finished-at="2024-12-11T18:37:19 IST" duration-ms="30581">
      <class name="VeevaSystems.NBA.Warriors.TestCase2CP">
        <test-method is-config="true" signature="initialize()[pri:0, instance:VeevaSystems.NBA.Warriors.TestCase2CP@76f7d241]" started-at="2024-12-11T18:36:48 IST" name="initialize" finished-at="2024-12-11T18:37:07 IST" duration-ms="19092" status="PASS">
          <reporter-output>
          </reporter-output>
        </test-method> <!-- initialize -->
        <test-method signature="findVideosCountAndVideosAgingMoreThan3Days()[pri:0, instance:VeevaSystems.NBA.Warriors.TestCase2CP@76f7d241]" started-at="2024-12-11T18:37:07 IST" name="findVideosCountAndVideosAgingMoreThan3Days" finished-at="2024-12-11T18:37:18 IST" duration-ms="10731" status="PASS">
          <reporter-output>
          </reporter-output>
        </test-method> <!-- findVideosCountAndVideosAgingMoreThan3Days -->
        <test-method is-config="true" signature="teardown()[pri:0, instance:VeevaSystems.NBA.Warriors.TestCase2CP@76f7d241]" started-at="2024-12-11T18:37:18 IST" name="teardown" finished-at="2024-12-11T18:37:19 IST" duration-ms="755" status="PASS">
          <reporter-output>
          </reporter-output>
        </test-method> <!-- teardown -->
      </class> <!-- VeevaSystems.NBA.Warriors.TestCase2CP -->
    </test> <!-- Warriors Core Product Functionality Testing - Test 2 -->
  </suite> <!-- Suite -->
</testng-results>
